<?xml version="1.0" encoding="UTF-8"?>
<!-- Generated by org.testng.reporters.JUnitReportReporter -->
<testsuite hostname="Tanmoys-Mac-mini.local" name="com.Testutube.TTest.com.Testutube.TTest.TGIT.AppTest" tests="2" failures="0" timestamp="5 Jul 2016 05:58:47 GMT" time="0.024" errors="0">
  <testcase name="assertTest" time="0.004" classname="com.Testutube.TTest.com.Testutube.TTest.TGIT.AppTest"/>
  <testcase name="AppTesting" time="0.020" classname="com.Testutube.TTest.com.Testutube.TTest.TGIT.AppTest"/>
</testsuite> <!-- com.Testutube.TTest.com.Testutube.TTest.TGIT.AppTest -->
