<?xml version="1.0" encoding="UTF-8"?>
<!-- Generated by org.testng.reporters.JUnitReportReporter -->
<testsuite hostname="Tanmoys-Mac-mini.local" name="com.Testutube.TTest.com.Testutube.TTest.TGIT.BaseClassTest" tests="1" failures="0" timestamp="5 Jul 2016 12:04:39 GMT" time="16.680" errors="0">
  <testcase name="Login" time="16.680" classname="com.Testutube.TTest.com.Testutube.TTest.TGIT.BaseClassTest"/>
</testsuite> <!-- com.Testutube.TTest.com.Testutube.TTest.TGIT.BaseClassTest -->
