<?xml version="1.0" encoding="UTF-8"?>
<!-- Generated by org.testng.reporters.JUnitReportReporter -->
<testsuite hostname="Tanmoys-Mac-mini.local" name="com.Testutube.TTest.com.Testutube.TTest.TGIT.App" tests="1" failures="0" timestamp="5 Jul 2016 12:04:39 GMT" time="0.002" errors="0">
  <testcase name="TestApp" time="0.002" classname="com.Testutube.TTest.com.Testutube.TTest.TGIT.App"/>
</testsuite> <!-- com.Testutube.TTest.com.Testutube.TTest.TGIT.App -->
