<?xml version="1.0" encoding="UTF-8"?>
<!-- Generated by org.testng.reporters.JUnitReportReporter -->
<testsuite hostname="Tanmoys-Mac-mini.local" name="com.Testutube.TTest.com.Testutube.TTest.TGIT.AppTest" tests="1" failures="0" timestamp="4 Jul 2016 11:17:31 GMT" time="0.021" errors="0">
  <testcase name="testApp" time="0.021" classname="com.Testutube.TTest.com.Testutube.TTest.TGIT.AppTest"/>
</testsuite> <!-- com.Testutube.TTest.com.Testutube.TTest.TGIT.AppTest -->
